Determining if the pthread_create exist failed with the following output:
Change Dir: /home/pi/ros_catkin_ws/build_isolated/geneus/CMakeFiles/CMakeTmp

Run Build Command:"/usr/bin/make" "cmTC_342d0/fast"
/usr/bin/make -f CMakeFiles/cmTC_342d0.dir/build.make CMakeFiles/cmTC_342d0.dir/build
make[1]: Entering directory '/home/pi/ros_catkin_ws/build_isolated/geneus/CMakeFiles/CMakeTmp'
Building C object CMakeFiles/cmTC_342d0.dir/CheckSymbolExists.c.o
/usr/bin/cc     -o CMakeFiles/cmTC_342d0.dir/CheckSymbolExists.c.o   -c /home/pi/ros_catkin_ws/build_isolated/geneus/CMakeFiles/CMakeTmp/CheckSymbolExists.c
Linking C executable cmTC_342d0
/usr/bin/cmake -E cmake_link_script CMakeFiles/cmTC_342d0.dir/link.txt --verbose=1
/usr/bin/cc       CMakeFiles/cmTC_342d0.dir/CheckSymbolExists.c.o  -o cmTC_342d0 -rdynamic 
CMakeFiles/cmTC_342d0.dir/CheckSymbolExists.c.o: In function `main':
CheckSymbolExists.c:(.text+0x38): undefined reference to `pthread_create'
collect2: error: ld returned 1 exit status
CMakeFiles/cmTC_342d0.dir/build.make:97: recipe for target 'cmTC_342d0' failed
make[1]: *** [cmTC_342d0] Error 1
make[1]: Leaving directory '/home/pi/ros_catkin_ws/build_isolated/geneus/CMakeFiles/CMakeTmp'
Makefile:126: recipe for target 'cmTC_342d0/fast' failed
make: *** [cmTC_342d0/fast] Error 2

File /home/pi/ros_catkin_ws/build_isolated/geneus/CMakeFiles/CMakeTmp/CheckSymbolExists.c:
/* */
#include <pthread.h>

int main(int argc, char** argv)
{
  (void)argv;
#ifndef pthread_create
  return ((int*)(&pthread_create))[argc];
#else
  (void)argc;
  return 0;
#endif
}

Determining if the function pthread_create exists in the pthreads failed with the following output:
Change Dir: /home/pi/ros_catkin_ws/build_isolated/geneus/CMakeFiles/CMakeTmp

Run Build Command:"/usr/bin/make" "cmTC_291dc/fast"
/usr/bin/make -f CMakeFiles/cmTC_291dc.dir/build.make CMakeFiles/cmTC_291dc.dir/build
make[1]: Entering directory '/home/pi/ros_catkin_ws/build_isolated/geneus/CMakeFiles/CMakeTmp'
Building C object CMakeFiles/cmTC_291dc.dir/CheckFunctionExists.c.o
/usr/bin/cc    -DCHECK_FUNCTION_EXISTS=pthread_create   -o CMakeFiles/cmTC_291dc.dir/CheckFunctionExists.c.o   -c /usr/share/cmake-3.6/Modules/CheckFunctionExists.c
Linking C executable cmTC_291dc
/usr/bin/cmake -E cmake_link_script CMakeFiles/cmTC_291dc.dir/link.txt --verbose=1
/usr/bin/cc   -DCHECK_FUNCTION_EXISTS=pthread_create    CMakeFiles/cmTC_291dc.dir/CheckFunctionExists.c.o  -o cmTC_291dc -rdynamic -lpthreads 
/usr/bin/ld: cannot find -lpthreads
collect2: error: ld returned 1 exit status
CMakeFiles/cmTC_291dc.dir/build.make:97: recipe for target 'cmTC_291dc' failed
make[1]: *** [cmTC_291dc] Error 1
make[1]: Leaving directory '/home/pi/ros_catkin_ws/build_isolated/geneus/CMakeFiles/CMakeTmp'
Makefile:126: recipe for target 'cmTC_291dc/fast' failed
make: *** [cmTC_291dc/fast] Error 2


