Determining if the pthread_create exist failed with the following output:
Change Dir: /home/pi/ros_catkin_ws/build_isolated/diagnostics/CMakeFiles/CMakeTmp

Run Build Command:"/usr/bin/make" "cmTC_dc296/fast"
/usr/bin/make -f CMakeFiles/cmTC_dc296.dir/build.make CMakeFiles/cmTC_dc296.dir/build
make[1]: Entering directory '/home/pi/ros_catkin_ws/build_isolated/diagnostics/CMakeFiles/CMakeTmp'
Building C object CMakeFiles/cmTC_dc296.dir/CheckSymbolExists.c.o
/usr/bin/cc     -o CMakeFiles/cmTC_dc296.dir/CheckSymbolExists.c.o   -c /home/pi/ros_catkin_ws/build_isolated/diagnostics/CMakeFiles/CMakeTmp/CheckSymbolExists.c
Linking C executable cmTC_dc296
/usr/bin/cmake -E cmake_link_script CMakeFiles/cmTC_dc296.dir/link.txt --verbose=1
/usr/bin/cc       CMakeFiles/cmTC_dc296.dir/CheckSymbolExists.c.o  -o cmTC_dc296 -rdynamic 
CMakeFiles/cmTC_dc296.dir/CheckSymbolExists.c.o: In function `main':
CheckSymbolExists.c:(.text+0x38): undefined reference to `pthread_create'
collect2: error: ld returned 1 exit status
CMakeFiles/cmTC_dc296.dir/build.make:97: recipe for target 'cmTC_dc296' failed
make[1]: *** [cmTC_dc296] Error 1
make[1]: Leaving directory '/home/pi/ros_catkin_ws/build_isolated/diagnostics/CMakeFiles/CMakeTmp'
Makefile:126: recipe for target 'cmTC_dc296/fast' failed
make: *** [cmTC_dc296/fast] Error 2

File /home/pi/ros_catkin_ws/build_isolated/diagnostics/CMakeFiles/CMakeTmp/CheckSymbolExists.c:
/* */
#include <pthread.h>

int main(int argc, char** argv)
{
  (void)argv;
#ifndef pthread_create
  return ((int*)(&pthread_create))[argc];
#else
  (void)argc;
  return 0;
#endif
}

Determining if the function pthread_create exists in the pthreads failed with the following output:
Change Dir: /home/pi/ros_catkin_ws/build_isolated/diagnostics/CMakeFiles/CMakeTmp

Run Build Command:"/usr/bin/make" "cmTC_fe04a/fast"
/usr/bin/make -f CMakeFiles/cmTC_fe04a.dir/build.make CMakeFiles/cmTC_fe04a.dir/build
make[1]: Entering directory '/home/pi/ros_catkin_ws/build_isolated/diagnostics/CMakeFiles/CMakeTmp'
Building C object CMakeFiles/cmTC_fe04a.dir/CheckFunctionExists.c.o
/usr/bin/cc    -DCHECK_FUNCTION_EXISTS=pthread_create   -o CMakeFiles/cmTC_fe04a.dir/CheckFunctionExists.c.o   -c /usr/share/cmake-3.6/Modules/CheckFunctionExists.c
Linking C executable cmTC_fe04a
/usr/bin/cmake -E cmake_link_script CMakeFiles/cmTC_fe04a.dir/link.txt --verbose=1
/usr/bin/cc   -DCHECK_FUNCTION_EXISTS=pthread_create    CMakeFiles/cmTC_fe04a.dir/CheckFunctionExists.c.o  -o cmTC_fe04a -rdynamic -lpthreads 
/usr/bin/ld: cannot find -lpthreads
collect2: error: ld returned 1 exit status
CMakeFiles/cmTC_fe04a.dir/build.make:97: recipe for target 'cmTC_fe04a' failed
make[1]: *** [cmTC_fe04a] Error 1
make[1]: Leaving directory '/home/pi/ros_catkin_ws/build_isolated/diagnostics/CMakeFiles/CMakeTmp'
Makefile:126: recipe for target 'cmTC_fe04a/fast' failed
make: *** [cmTC_fe04a/fast] Error 2


