Determining if the pthread_create exist failed with the following output:
Change Dir: /home/pi/ros_catkin_ws/build_isolated/geometry2/CMakeFiles/CMakeTmp

Run Build Command:"/usr/bin/make" "cmTC_cb728/fast"
/usr/bin/make -f CMakeFiles/cmTC_cb728.dir/build.make CMakeFiles/cmTC_cb728.dir/build
make[1]: Entering directory '/home/pi/ros_catkin_ws/build_isolated/geometry2/CMakeFiles/CMakeTmp'
Building C object CMakeFiles/cmTC_cb728.dir/CheckSymbolExists.c.o
/usr/bin/cc     -o CMakeFiles/cmTC_cb728.dir/CheckSymbolExists.c.o   -c /home/pi/ros_catkin_ws/build_isolated/geometry2/CMakeFiles/CMakeTmp/CheckSymbolExists.c
Linking C executable cmTC_cb728
/usr/bin/cmake -E cmake_link_script CMakeFiles/cmTC_cb728.dir/link.txt --verbose=1
/usr/bin/cc       CMakeFiles/cmTC_cb728.dir/CheckSymbolExists.c.o  -o cmTC_cb728 -rdynamic 
CMakeFiles/cmTC_cb728.dir/CheckSymbolExists.c.o: In function `main':
CheckSymbolExists.c:(.text+0x38): undefined reference to `pthread_create'
collect2: error: ld returned 1 exit status
CMakeFiles/cmTC_cb728.dir/build.make:97: recipe for target 'cmTC_cb728' failed
make[1]: *** [cmTC_cb728] Error 1
make[1]: Leaving directory '/home/pi/ros_catkin_ws/build_isolated/geometry2/CMakeFiles/CMakeTmp'
Makefile:126: recipe for target 'cmTC_cb728/fast' failed
make: *** [cmTC_cb728/fast] Error 2

File /home/pi/ros_catkin_ws/build_isolated/geometry2/CMakeFiles/CMakeTmp/CheckSymbolExists.c:
/* */
#include <pthread.h>

int main(int argc, char** argv)
{
  (void)argv;
#ifndef pthread_create
  return ((int*)(&pthread_create))[argc];
#else
  (void)argc;
  return 0;
#endif
}

Determining if the function pthread_create exists in the pthreads failed with the following output:
Change Dir: /home/pi/ros_catkin_ws/build_isolated/geometry2/CMakeFiles/CMakeTmp

Run Build Command:"/usr/bin/make" "cmTC_869b3/fast"
/usr/bin/make -f CMakeFiles/cmTC_869b3.dir/build.make CMakeFiles/cmTC_869b3.dir/build
make[1]: Entering directory '/home/pi/ros_catkin_ws/build_isolated/geometry2/CMakeFiles/CMakeTmp'
Building C object CMakeFiles/cmTC_869b3.dir/CheckFunctionExists.c.o
/usr/bin/cc    -DCHECK_FUNCTION_EXISTS=pthread_create   -o CMakeFiles/cmTC_869b3.dir/CheckFunctionExists.c.o   -c /usr/share/cmake-3.6/Modules/CheckFunctionExists.c
Linking C executable cmTC_869b3
/usr/bin/cmake -E cmake_link_script CMakeFiles/cmTC_869b3.dir/link.txt --verbose=1
/usr/bin/cc   -DCHECK_FUNCTION_EXISTS=pthread_create    CMakeFiles/cmTC_869b3.dir/CheckFunctionExists.c.o  -o cmTC_869b3 -rdynamic -lpthreads 
/usr/bin/ld: cannot find -lpthreads
collect2: error: ld returned 1 exit status
CMakeFiles/cmTC_869b3.dir/build.make:97: recipe for target 'cmTC_869b3' failed
make[1]: *** [cmTC_869b3] Error 1
make[1]: Leaving directory '/home/pi/ros_catkin_ws/build_isolated/geometry2/CMakeFiles/CMakeTmp'
Makefile:126: recipe for target 'cmTC_869b3/fast' failed
make: *** [cmTC_869b3/fast] Error 2


